<?xml version="1.0" encoding="UTF-8"?>
<testsuite name="com.fastcompus.fcboard.FcBoardApplicationTests" tests="1" skipped="0" failures="0" errors="0" timestamp="2024-11-24T01:19:59" hostname="gim-yunhyeog-ui-MacBookPro.local" time="0.355">
  <properties/>
  <testcase name="contextLoads()" classname="com.fastcompus.fcboard.FcBoardApplicationTests" time="0.355"/>
  <system-out><![CDATA[10:19:57.553 [Test worker] INFO org.springframework.test.context.support.AnnotationConfigContextLoaderUtils -- Could not detect default configuration classes for test class [com.fastcompus.fcboard.FcBoardApplicationTests]: FcBoardApplicationTests does not declare any static, non-private, non-final, nested classes annotated with @Configuration.
10:19:57.604 [Test worker] INFO org.springframework.boot.test.context.SpringBootTestContextBootstrapper -- Found @SpringBootConfiguration com.fastcompus.fcboard.FcBoardApplication for test class com.fastcompus.fcboard.FcBoardApplicationTests

  .   ____          _            __ _ _
 /\\ / ___'_ __ _ _(_)_ __  __ _ \ \ \ \
( ( )\___ | '_ | '_| | '_ \/ _` | \ \ \ \
 \\/  ___)| |_)| | | | | || (_| |  ) ) ) )
  '  |____| .__|_| |_|_| |_\__, | / / / /
 =========|_|==============|___/=/_/_/_/
 :: Spring Boot ::                (v3.1.3)

2024-11-24T10:19:57.807+09:00  INFO 78985 --- [    Test worker] c.f.fcboard.FcBoardApplicationTests      : Starting FcBoardApplicationTests using Java 17.0.13 with PID 78985 (started by kim-yoonhyeok in /Users/kim-yoonhyeok/kim/fc-board)
2024-11-24T10:19:57.807+09:00  INFO 78985 --- [    Test worker] c.f.fcboard.FcBoardApplicationTests      : The following 1 profile is active: "dev"
2024-11-24T10:19:58.151+09:00  INFO 78985 --- [    Test worker] .s.d.r.c.RepositoryConfigurationDelegate : Bootstrapping Spring Data JPA repositories in DEFAULT mode.
2024-11-24T10:19:58.163+09:00  INFO 78985 --- [    Test worker] .s.d.r.c.RepositoryConfigurationDelegate : Finished Spring Data repository scanning in 8 ms. Found 0 JPA repository interfaces.
2024-11-24T10:19:58.361+09:00  INFO 78985 --- [    Test worker] o.hibernate.jpa.internal.util.LogHelper  : HHH000204: Processing PersistenceUnitInfo [name: default]
2024-11-24T10:19:58.383+09:00  INFO 78985 --- [    Test worker] org.hibernate.Version                    : HHH000412: Hibernate ORM core version 6.2.7.Final
2024-11-24T10:19:58.384+09:00  INFO 78985 --- [    Test worker] org.hibernate.cfg.Environment            : HHH000406: Using bytecode reflection optimizer
2024-11-24T10:19:58.440+09:00  INFO 78985 --- [    Test worker] o.h.b.i.BytecodeProviderInitiator        : HHH000021: Bytecode provider name : bytebuddy
2024-11-24T10:19:58.493+09:00  INFO 78985 --- [    Test worker] o.s.o.j.p.SpringPersistenceUnitInfo      : No LoadTimeWeaver setup: ignoring JPA class transformer
2024-11-24T10:19:58.500+09:00  INFO 78985 --- [    Test worker] com.zaxxer.hikari.HikariDataSource       : HikariPool-1 - Starting...
2024-11-24T10:19:58.502+09:00  WARN 78985 --- [    Test worker] c.zaxxer.hikari.util.DriverDataSource    : Registered driver with driverClassName=com.mysql.jdbc.Driver was not found, trying direct instantiation.
2024-11-24T10:19:59.064+09:00  INFO 78985 --- [    Test worker] com.zaxxer.hikari.pool.HikariPool        : HikariPool-1 - Added connection com.mysql.cj.jdbc.ConnectionImpl@343d1d25
2024-11-24T10:19:59.065+09:00  INFO 78985 --- [    Test worker] com.zaxxer.hikari.HikariDataSource       : HikariPool-1 - Start completed.
2024-11-24T10:19:59.202+09:00  INFO 78985 --- [    Test worker] o.h.b.i.BytecodeProviderInitiator        : HHH000021: Bytecode provider name : bytebuddy
2024-11-24T10:19:59.425+09:00  INFO 78985 --- [    Test worker] o.h.e.t.j.p.i.JtaPlatformInitiator       : HHH000490: Using JtaPlatform implementation: [org.hibernate.engine.transaction.jta.platform.internal.NoJtaPlatform]
Hibernate: 
    create table post (
        id bigint not null auto_increment,
        created_at datetime(6),
        created_by varchar(255),
        updated_at datetime(6),
        updated_by varchar(255),
        content varchar(255),
        title varchar(255),
        primary key (id)
    ) engine=InnoDB
2024-11-24T10:19:59.594+09:00  INFO 78985 --- [    Test worker] j.LocalContainerEntityManagerFactoryBean : Initialized JPA EntityManagerFactory for persistence unit 'default'
2024-11-24T10:19:59.710+09:00  WARN 78985 --- [    Test worker] JpaBaseConfiguration$JpaWebConfiguration : spring.jpa.open-in-view is enabled by default. Therefore, database queries may be performed during view rendering. Explicitly configure spring.jpa.open-in-view to disable this warning
2024-11-24T10:19:59.943+09:00  INFO 78985 --- [    Test worker] c.f.fcboard.FcBoardApplicationTests      : Started FcBoardApplicationTests in 2.274 seconds (process running for 5.277)
]]></system-out>
  <system-err><![CDATA[Loading class `com.mysql.jdbc.Driver'. This is deprecated. The new driver class is `com.mysql.cj.jdbc.Driver'. The driver is automatically registered via the SPI and manual loading of the driver class is generally unnecessary.
]]></system-err>
</testsuite>
