<?xml version="1.0" encoding="UTF-8"?>
<testsuite name="com.fastcompus.fcboard.SampleTest" tests="1" skipped="0" failures="0" errors="0" timestamp="2024-11-23T00:20:58" hostname="gim-yunhyeog-ui-MacBookPro.local" time="0.012">
  <properties/>
  <testcase name="sample test" classname="com.fastcompus.fcboard.SampleTest" time="0.012"/>
  <system-out><![CDATA[]]></system-out>
  <system-err><![CDATA[]]></system-err>
</testsuite>
