<?xml version="1.0" encoding="UTF-8"?>
<testsuite name="com.fastcompus.fcboard.FcBoardApplicationTests" tests="1" skipped="0" failures="0" errors="0" timestamp="2024-11-23T00:21:00" hostname="gim-yunhyeog-ui-MacBookPro.local" time="0.396">
  <properties/>
  <testcase name="contextLoads()" classname="com.fastcompus.fcboard.FcBoardApplicationTests" time="0.396"/>
  <system-out><![CDATA[09:20:58.796 [Test worker] INFO org.springframework.test.context.support.AnnotationConfigContextLoaderUtils -- Could not detect default configuration classes for test class [com.fastcompus.fcboard.FcBoardApplicationTests]: FcBoardApplicationTests does not declare any static, non-private, non-final, nested classes annotated with @Configuration.
09:20:58.849 [Test worker] INFO org.springframework.boot.test.context.SpringBootTestContextBootstrapper -- Found @SpringBootConfiguration com.fastcompus.fcboard.FcBoardApplication for test class com.fastcompus.fcboard.FcBoardApplicationTests

  .   ____          _            __ _ _
 /\\ / ___'_ __ _ _(_)_ __  __ _ \ \ \ \
( ( )\___ | '_ | '_| | '_ \/ _` | \ \ \ \
 \\/  ___)| |_)| | | | | || (_| |  ) ) ) )
  '  |____| .__|_| |_|_| |_\__, | / / / /
 =========|_|==============|___/=/_/_/_/
 :: Spring Boot ::                (v3.1.1)

2024-11-23T09:20:59.080+09:00  INFO 55026 --- [    Test worker] c.f.fcboard.FcBoardApplicationTests      : Starting FcBoardApplicationTests using Java 17.0.13 with PID 55026 (started by kim-yoonhyeok in /Users/kim-yoonhyeok/kim/kotlin-spring-package/fc-board)
2024-11-23T09:20:59.081+09:00  INFO 55026 --- [    Test worker] c.f.fcboard.FcBoardApplicationTests      : No active profile set, falling back to 1 default profile: "default"
2024-11-23T09:20:59.470+09:00  INFO 55026 --- [    Test worker] .s.d.r.c.RepositoryConfigurationDelegate : Bootstrapping Spring Data JPA repositories in DEFAULT mode.
2024-11-23T09:20:59.484+09:00  INFO 55026 --- [    Test worker] .s.d.r.c.RepositoryConfigurationDelegate : Finished Spring Data repository scanning in 9 ms. Found 0 JPA repository interfaces.
2024-11-23T09:20:59.692+09:00  INFO 55026 --- [    Test worker] o.hibernate.jpa.internal.util.LogHelper  : HHH000204: Processing PersistenceUnitInfo [name: default]
2024-11-23T09:20:59.720+09:00  INFO 55026 --- [    Test worker] org.hibernate.Version                    : HHH000412: Hibernate ORM core version 6.2.5.Final
2024-11-23T09:20:59.721+09:00  INFO 55026 --- [    Test worker] org.hibernate.cfg.Environment            : HHH000406: Using bytecode reflection optimizer
2024-11-23T09:20:59.791+09:00  INFO 55026 --- [    Test worker] o.h.b.i.BytecodeProviderInitiator        : HHH000021: Bytecode provider name : bytebuddy
2024-11-23T09:20:59.856+09:00  INFO 55026 --- [    Test worker] o.s.o.j.p.SpringPersistenceUnitInfo      : No LoadTimeWeaver setup: ignoring JPA class transformer
2024-11-23T09:20:59.865+09:00  INFO 55026 --- [    Test worker] com.zaxxer.hikari.HikariDataSource       : HikariPool-1 - Starting...
2024-11-23T09:20:59.988+09:00  INFO 55026 --- [    Test worker] com.zaxxer.hikari.pool.HikariPool        : HikariPool-1 - Added connection conn0: url=jdbc:h2:mem:test user=SA
2024-11-23T09:20:59.989+09:00  INFO 55026 --- [    Test worker] com.zaxxer.hikari.HikariDataSource       : HikariPool-1 - Start completed.
2024-11-23T09:21:00.054+09:00  INFO 55026 --- [    Test worker] o.h.b.i.BytecodeProviderInitiator        : HHH000021: Bytecode provider name : bytebuddy
2024-11-23T09:21:00.166+09:00  INFO 55026 --- [    Test worker] o.h.e.t.j.p.i.JtaPlatformInitiator       : HHH000490: Using JtaPlatform implementation: [org.hibernate.engine.transaction.jta.platform.internal.NoJtaPlatform]
2024-11-23T09:21:00.169+09:00  INFO 55026 --- [    Test worker] j.LocalContainerEntityManagerFactoryBean : Initialized JPA EntityManagerFactory for persistence unit 'default'
2024-11-23T09:21:00.301+09:00  WARN 55026 --- [    Test worker] JpaBaseConfiguration$JpaWebConfiguration : spring.jpa.open-in-view is enabled by default. Therefore, database queries may be performed during view rendering. Explicitly configure spring.jpa.open-in-view to disable this warning
2024-11-23T09:21:00.570+09:00  INFO 55026 --- [    Test worker] c.f.fcboard.FcBoardApplicationTests      : Started FcBoardApplicationTests in 1.65 seconds (process running for 5.087)
]]></system-out>
  <system-err><![CDATA[]]></system-err>
</testsuite>
